{"content": {"suites": {"0": {"status": {"total_pass": 0, "total_skip": 0, "total_xpass": 0, "total_xfail": 0, "total_rerun": 0, "total_fail": 3, "total_error": 0}, "tests": {"0": {"status": "FAIL", "message": "   selenium.common.exceptions.WebDriverException: Message: chrome not reachable\n     (Session info: chrome=96.0.4664.45)\n   Stacktrace:\n   Backtrace:\n   \tOrdinal0 [0x00796903+2517251]\n   \tOrdinal0 [0x0072F8E1+2095329]\n   \tOrdinal0 [0x00632710+1058576]\n   \tOrdinal0 [0x006276A4+1013412]\n   \tOrdinal0 [0x00627EA8+1015464]\n   \tOrdinal0 [0x00629695+1021589]\n   \tOrdinal0 [0x00623686+996998]\n   \tOrdinal0 [0x00633A60+1063520]\n   \tOrdinal0 [0x00685382+1397634]\n   \tOrdinal0 [0x0067639B+1336219]\n   \tOrdinal0 [0x006527A7+1189799]\n   \tOrdinal0 [0x00653609+1193481]\n   \tGetHandleVerifier [0x00925904+1577972]\n   \tGetHandleVerifier [0x009D0B97+2279047]\n   \tGetHandleVerifier [0x00826D09+534521]\n   \tGetHandleVerifier [0x00825DB9+530601]\n   \tOrdinal0 [0x00734FF9+2117625]\n   \tOrdinal0 [0x007398A8+2136232]\n   \tOrdinal0 [0x007399E2+2136546]\n   \tOrdinal0 [0x00743541+2176321]\n   \tBaseThreadInitThunk [0x7671FA29+25]\n   \tRtlGetAppContainerNamedObjectPath [0x77087A9E+286]\n   \tRtlGetAppContainerNamedObjectPath [0x77087A6E+238]\n", "test_name": "test_link_registrarse_es_visible[chrome]", "rerun": "0"}, "1": {"status": "FAIL", "message": "   selenium.common.exceptions.WebDriverException: Message: chrome not reachable\n     (Session info: chrome=96.0.4664.45)\n   Stacktrace:\n   Backtrace:\n   \tOrdinal0 [0x00796903+2517251]\n   \tOrdinal0 [0x0072F8E1+2095329]\n   \tOrdinal0 [0x00632710+1058576]\n   \tOrdinal0 [0x006276A4+1013412]\n   \tOrdinal0 [0x00627EA8+1015464]\n   \tOrdinal0 [0x00629695+1021589]\n   \tOrdinal0 [0x00623686+996998]\n   \tOrdinal0 [0x00633A60+1063520]\n   \tOrdinal0 [0x00685382+1397634]\n   \tOrdinal0 [0x0067639B+1336219]\n   \tOrdinal0 [0x006527A7+1189799]\n   \tOrdinal0 [0x00653609+1193481]\n   \tGetHandleVerifier [0x00925904+1577972]\n   \tGetHandleVerifier [0x009D0B97+2279047]\n   \tGetHandleVerifier [0x00826D09+534521]\n   \tGetHandleVerifier [0x00825DB9+530601]\n   \tOrdinal0 [0x00734FF9+2117625]\n   \tOrdinal0 [0x007398A8+2136232]\n   \tOrdinal0 [0x007399E2+2136546]\n   \tOrdinal0 [0x00743541+2176321]\n   \tBaseThreadInitThunk [0x7671FA29+25]\n   \tRtlGetAppContainerNamedObjectPath [0x77087A9E+286]\n   \tRtlGetAppContainerNamedObjectPath [0x77087A6E+238]\n", "test_name": "test_login_page_titulo[chrome]", "rerun": "0"}, "2": {"status": "FAIL", "message": "   selenium.common.exceptions.WebDriverException: Message: chrome not reachable\n     (Session info: chrome=96.0.4664.45)\n   Stacktrace:\n   Backtrace:\n   \tOrdinal0 [0x00796903+2517251]\n   \tOrdinal0 [0x0072F8E1+2095329]\n   \tOrdinal0 [0x00632710+1058576]\n   \tOrdinal0 [0x006276A4+1013412]\n   \tOrdinal0 [0x00627EA8+1015464]\n   \tOrdinal0 [0x00629695+1021589]\n   \tOrdinal0 [0x00623686+996998]\n   \tOrdinal0 [0x00633A60+1063520]\n   \tOrdinal0 [0x00685382+1397634]\n   \tOrdinal0 [0x0067639B+1336219]\n   \tOrdinal0 [0x006527A7+1189799]\n   \tOrdinal0 [0x00653609+1193481]\n   \tGetHandleVerifier [0x00925904+1577972]\n   \tGetHandleVerifier [0x009D0B97+2279047]\n   \tGetHandleVerifier [0x00826D09+534521]\n   \tGetHandleVerifier [0x00825DB9+530601]\n   \tOrdinal0 [0x00734FF9+2117625]\n   \tOrdinal0 [0x007398A8+2136232]\n   \tOrdinal0 [0x007399E2+2136546]\n   \tOrdinal0 [0x00743541+2176321]\n   \tBaseThreadInitThunk [0x7671FA29+25]\n   \tRtlGetAppContainerNamedObjectPath [0x77087A9E+286]\n   \tRtlGetAppContainerNamedObjectPath [0x77087A6E+238]\n", "test_name": "test_login[chrome]", "rerun": "0"}}, "suite_name": "test_LoginPage.py"}}}, "date": "November 21, 2021", "start_time": 1637539026.737002, "total_suite": 1, "status": "FAIL", "status_list": {"pass": "0", "fail": "3", "skip": "0", "error": "0", "xpass": "0", "xfail": "0", "rerun": "0"}, "total_tests": "3"}